<?xml version="1.0" encoding="UTF-8"?>
<!-- Generated by org.testng.reporters.JUnitXMLReporter -->
<testsuite hostname="Dell-PC" ignored="0" name="Default test" tests="4" failures="0" timestamp="25 Sep 2018 15:11:12 GMT" time="115.274" errors="0">
  <testcase name="loginTest" time="0.591" classname="com.flipkart.qa.assertion.LoginTest_AssertionTest"/>
  <testcase name="TitleValitationTest" time="0.021" classname="com.flipkart.qa.assertion.LoginTest_AssertionTest"/>
  <testcase name="LogoValidationTest" time="0.073" classname="com.flipkart.qa.assertion.LoginTest_AssertionTest"/>
  <testcase name="MobilesTest" time="0.007" classname="com.flipkart.qa.assertion.LoginTest_AssertionTest"/>
</testsuite> <!-- Default test -->
