<?xml version="1.0" encoding="UTF-8"?>
<testng-results skipped="0" failed="0" ignored="0" total="4" passed="4">
  <reporter-output>
  </reporter-output>
  <suite name="Default suite" duration-ms="115274" started-at="2018-09-25T15:09:16Z" finished-at="2018-09-25T15:11:12Z">
    <groups>
    </groups>
    <test name="Default test" duration-ms="115274" started-at="2018-09-25T15:09:16Z" finished-at="2018-09-25T15:11:12Z">
      <class name="com.flipkart.qa.assertion.LoginTest_AssertionTest">
        <test-method status="PASS" signature="setup()[pri:0, instance:com.flipkart.qa.assertion.LoginTest_AssertionTest@31ef45e3]" name="setup" is-config="true" duration-ms="31917" started-at="2018-09-25T15:09:16Z" finished-at="2018-09-25T15:09:48Z">
          <reporter-output>
          </reporter-output>
        </test-method> <!-- setup -->
        <test-method status="PASS" signature="loginTest()[pri:1, instance:com.flipkart.qa.assertion.LoginTest_AssertionTest@31ef45e3]" name="loginTest" duration-ms="591" started-at="2018-09-25T15:09:48Z" finished-at="2018-09-25T15:09:49Z">
          <reporter-output>
          </reporter-output>
        </test-method> <!-- loginTest -->
        <test-method status="PASS" signature="tearDown()[pri:0, instance:com.flipkart.qa.assertion.LoginTest_AssertionTest@31ef45e3]" name="tearDown" is-config="true" duration-ms="703" started-at="2018-09-25T15:09:49Z" finished-at="2018-09-25T15:09:50Z">
          <reporter-output>
          </reporter-output>
        </test-method> <!-- tearDown -->
        <test-method status="PASS" signature="setup()[pri:0, instance:com.flipkart.qa.assertion.LoginTest_AssertionTest@31ef45e3]" name="setup" is-config="true" duration-ms="27868" started-at="2018-09-25T15:09:50Z" finished-at="2018-09-25T15:10:18Z">
          <reporter-output>
          </reporter-output>
        </test-method> <!-- setup -->
        <test-method status="PASS" signature="TitleValitationTest()[pri:2, instance:com.flipkart.qa.assertion.LoginTest_AssertionTest@31ef45e3]" name="TitleValitationTest" duration-ms="21" started-at="2018-09-25T15:10:18Z" finished-at="2018-09-25T15:10:18Z">
          <reporter-output>
          </reporter-output>
        </test-method> <!-- TitleValitationTest -->
        <test-method status="PASS" signature="tearDown()[pri:0, instance:com.flipkart.qa.assertion.LoginTest_AssertionTest@31ef45e3]" name="tearDown" is-config="true" duration-ms="638" started-at="2018-09-25T15:10:18Z" finished-at="2018-09-25T15:10:18Z">
          <reporter-output>
          </reporter-output>
        </test-method> <!-- tearDown -->
        <test-method status="PASS" signature="setup()[pri:0, instance:com.flipkart.qa.assertion.LoginTest_AssertionTest@31ef45e3]" name="setup" is-config="true" duration-ms="25478" started-at="2018-09-25T15:10:18Z" finished-at="2018-09-25T15:10:44Z">
          <reporter-output>
          </reporter-output>
        </test-method> <!-- setup -->
        <test-method status="PASS" signature="LogoValidationTest()[pri:3, instance:com.flipkart.qa.assertion.LoginTest_AssertionTest@31ef45e3]" name="LogoValidationTest" duration-ms="73" started-at="2018-09-25T15:10:44Z" finished-at="2018-09-25T15:10:44Z">
          <reporter-output>
          </reporter-output>
        </test-method> <!-- LogoValidationTest -->
        <test-method status="PASS" signature="tearDown()[pri:0, instance:com.flipkart.qa.assertion.LoginTest_AssertionTest@31ef45e3]" name="tearDown" is-config="true" duration-ms="659" started-at="2018-09-25T15:10:44Z" finished-at="2018-09-25T15:10:44Z">
          <reporter-output>
          </reporter-output>
        </test-method> <!-- tearDown -->
        <test-method status="PASS" signature="setup()[pri:0, instance:com.flipkart.qa.assertion.LoginTest_AssertionTest@31ef45e3]" name="setup" is-config="true" duration-ms="26613" started-at="2018-09-25T15:10:44Z" finished-at="2018-09-25T15:11:11Z">
          <reporter-output>
          </reporter-output>
        </test-method> <!-- setup -->
        <test-method status="PASS" signature="MobilesTest()[pri:4, instance:com.flipkart.qa.assertion.LoginTest_AssertionTest@31ef45e3]" name="MobilesTest" duration-ms="7" started-at="2018-09-25T15:11:11Z" finished-at="2018-09-25T15:11:11Z">
          <reporter-output>
          </reporter-output>
        </test-method> <!-- MobilesTest -->
        <test-method status="PASS" signature="tearDown()[pri:0, instance:com.flipkart.qa.assertion.LoginTest_AssertionTest@31ef45e3]" name="tearDown" is-config="true" duration-ms="668" started-at="2018-09-25T15:11:11Z" finished-at="2018-09-25T15:11:12Z">
          <reporter-output>
          </reporter-output>
        </test-method> <!-- tearDown -->
      </class> <!-- com.flipkart.qa.assertion.LoginTest_AssertionTest -->
    </test> <!-- Default test -->
  </suite> <!-- Default suite -->
</testng-results>
